=== full_nt_enrichment.py run 2026-05-07T22:10:57.349371 ===
2026-05-07T22:10:57.350914 STEP 1: derivations across PHC_*.json
2026-05-07T22:10:57.454608   STEP 1 done: 71 funds, 1,820 cells filled
2026-05-07T22:10:57.454706 STEP 2: SEC text extraction on PHC_ funds
2026-05-07T22:10:57.454785   71 PHC_ funds to process
2026-05-07T22:14:32.045963   STEP 2 done: 48 funds had fills, 104 cells, 0 failures
2026-05-07T22:14:32.046704 STEP 3: re-run derivations
2026-05-07T22:14:32.046766 STEP 1: derivations across PHC_*.json
2026-05-07T22:14:32.131095   STEP 1 done: 71 funds, 13 cells filled
2026-05-07T22:14:32.131213   STEP 3 added: 13 more cells
2026-05-07T22:14:32.131278 STEP 4: redemption extraction across all non-traded
2026-05-07T22:14:32.131381   94 non-traded funds
2026-05-07T22:17:47.675718   STEP 4 done: 23 gate, 0 requests, 0 fulfilled, 22 failures
2026-05-07T22:17:47.677857 STEP 5: rank + coverage on fund_directory.json
2026-05-07T22:17:47.716000   STEP 5 done: ranked 94 non-traded funds
2026-05-07T22:17:47.716085 STEP 6: git commit + push
2026-05-07T22:17:47.893408   commit: [main 7808744] Full non-traded enrichment: 94 funds, field parity + redemption data for all
 Committer: Qazi Saifur Rasool <qazirasool@Qazis-MacBook-Air.local>
Your name and email address were configu 
2026-05-07T22:17:49.467407   push:  To https://github.com/qazisaifrasool23-ui/bdc-intelligence.git
   af9e881..7808744  main -> main

