[11:25:23] Fetching SEC ticker→CIK master file
[11:25:23] Loaded 10381 ticker→CIK pairs
[11:26:49] === Phase 2 XBRL start ===
[11:26:49] Fetching SEC ticker→CIK master file
[11:26:50] Loaded 10381 ticker→CIK pairs
[11:26:52] BCRED: +53 cells
[11:26:54] OCIC: +13 cells
[11:26:56] HLEND: +26 cells
[11:26:58] ADS: +62 cells
[11:26:59] GS_PCC: skip (no_cik)
[11:27:00] GCRED: +23 cells
[11:27:02] OSCF: +29 cells
[11:27:04] SSLP: +65 cells
[11:27:07] OBTIC: +38 cells
[11:27:09] NHPIF: +41 cells
[11:27:12] MINVE: +69 cells
[11:27:13] BOTFI: +40 cells
[11:27:14] BPCC: +48 cells
[11:27:16] MRCC_NT: +69 cells
[11:27:18] TBKCF: +33 cells
[11:27:19] TBCI: +26 cells
[11:27:20] ASCF: skip (no_cik)
[11:27:21] SPCRE: +31 cells
[11:27:23] CCSI: +81 cells
[11:27:24] CCSO: +35 cells
[11:27:25] TROW_OHA: skip (no_cik)
[11:27:26] BLKR_PCF: +44 cells
[11:27:27] KKR_FSIT: +28 cells
[11:27:28] FSLEN: +44 cells
[11:27:30] CSRC: +7 cells
[11:27:32] NCPCIF: +58 cells
[11:27:33] FID_PCF: +22 cells
[11:27:34] HCCS: +25 cells
[11:27:36] GCB: +40 cells
[11:27:37] NSI: +56 cells
[11:27:38] BOCA: +49 cells
[11:27:40] VCSL: +33 cells
[11:27:41] BAIN_PC: +47 cells
[11:27:42] ASIF: skip (no_cik)
[11:27:43] FPCRE: +22 cells
[11:27:45] ANT_PCF: +39 cells
[11:27:46] APCRE: +24 cells
[11:27:47] OADVA: +37 cells
[11:27:48] KEUDL: +14 cells
[11:27:49] KLCAP: +35 cells
[11:27:50] AOII: +12 cells
[11:27:51] SPSL: +35 cells
[11:27:52] CCPBI: +62 cells
[11:27:54] PGLEN: +5 cells
[11:27:55] APCI: +29 cells
[11:27:56] APCIF: +46 cells
[11:27:57] PSMML: +39 cells
[11:27:58] ACSL: +45 cells
[11:28:00] CPCI: +37 cells
[11:28:01] ACBDC: +50 cells
[11:28:02] LSUSA: +71 cells
[11:28:05] MMAIP: +22 cells
[11:28:06] WTCAP: +35 cells
[11:28:08] KAYN: +102 cells
[11:28:09] CLSOL: +4 cells
[11:28:10] NCBV: +9 cells
[11:28:11] SCHOL: +39 cells
[11:28:13] FEPC: +45 cells
[11:28:14] SPCI: +22 cells
[11:28:15] CSLI: +25 cells
[11:28:16] LPART: +31 cells
[11:28:17] SMLM: +41 cells
[11:28:19] TDLEN: +66 cells
[11:28:20] LPCL: +20 cells
[11:28:22] LPCRE: +32 cells
[11:28:23] WBBDC: +22 cells
[11:28:24] ODLB: +85 cells
[11:28:25] RCAPI: +8 cells
[11:28:26] PCSB: +46 cells
[11:28:27] LECRE: +8 cells
[11:28:28] TSCSL: +3 cells
[11:28:29] BPLEN: +72 cells
[11:28:31] MCLI: +44 cells
[11:28:32] SPDLB: +4 cells
[11:28:34] LRFIN: +55 cells
[11:28:35] PPINC: +3 cells
[11:28:36] ASCI: +9 cells
[11:28:37] ASCFI: skip (no_cik)
[11:28:38] EPTSS: +6 cells
[11:28:40] SCCAP: +59 cells
[11:28:41] NCAPI: +65 cells
[11:28:43] PFRAI: +63 cells
[11:28:46] HPCI: +43 cells
[11:28:48] ARCC: +0 cells
[11:28:50] BBDC: +52 cells
[11:28:53] BCIC: +107 cells
[11:28:54] BCSF: +70 cells
[11:28:55] OBDE: skip (no_cik)
[11:28:57] BXSL: +77 cells
[11:28:58] CCAP: +85 cells
[11:29:00] CGBD: +48 cells
[11:29:01] CION: +83 cells
[11:29:03] CSWC: +60 cells
[11:29:04] EQS: +66 cells
[11:29:06] FDUS: +98 cells
[11:29:08] FSK: +62 cells
[11:29:17] GAIN: +43 cells
[11:29:22] GBDC: +47 cells
[11:29:23] GECC: +61 cells
[11:29:24] GLAD: +49 cells
[11:29:25] GSBD: +49 cells
[11:29:27] HRZN: +41 cells
[11:29:28] HTGC: +57 cells
[11:29:30] ICMB: +33 cells
[11:29:31] KBDC: +64 cells
[11:29:32] MAIN: +77 cells
[11:29:34] MFIC: +51 cells
[11:29:35] MSDL: +65 cells
[11:29:35] MRCC: skip (no_cik)
[11:29:37] MSIF: +67 cells
[11:29:38] NMFC: +49 cells
[11:29:39] OBDC: +34 cells
[11:29:41] OCSL: +55 cells
[11:29:42] OFS: +50 cells
[11:29:43] OXSQ: +62 cells
[11:29:44] PFLT: +45 cells
[11:29:45] PFX: +61 cells
[11:29:46] PNNT: +43 cells
[11:29:48] PSEC: +40 cells
[11:29:49] RAND: +63 cells
[11:29:50] RWAY: +59 cells
[11:29:51] SAR: +0 cells
[11:29:52] SCM: +53 cells
[11:29:53] SLRC: +41 cells
[11:29:54] SSSS: +75 cells
[11:29:56] TCPC: +85 cells
[11:29:57] TPVG: +83 cells
[11:29:58] TRIN: +64 cells
[11:29:59] TSLX: +59 cells
[11:30:00] WHF: +52 cells
[11:30:01] APLEN: +29 cells
[11:30:02] BVEB: +22 cells
[11:30:03] JCPB: +52 cells
[11:30:04] LAPC: +25 cells
[11:30:05] MPCRE: +24 cells
[11:30:06] SPCIB: +36 cells
[11:30:07] SCINV: +71 cells
[11:30:09] SHBDC: +51 cells
[11:30:10] SPCBI: +28 cells
[11:30:11] HTTP 404 on https://data.sec.gov/api/xbrl/companyfacts/CIK0002025369.json
[11:30:11] TPPCP: skip (fetch_failed)
[11:30:11] === Phase 2 done: funds_done=140 funds_with_data=130 total_fills=5848 errors={'no_cik': 7, 'fetch_failed': 1}
