Phase 1 derivations start 2026-05-12T08:42:57.402065
ACBDC: +30 cells
ACSL: +18 cells
ADS: +54 cells
ANT_PCF: +19 cells
AOII: +5 cells
APCI: +9 cells
APCIF: +36 cells
APCRE: +10 cells
APLEN: +12 cells
ARCC: +41 cells
ASCF: +16 cells
ASCFI: +2 cells
ASCI: +2 cells
ASIF: +42 cells
BAIN_PC: +22 cells
BBDC: +27 cells
BCIC: +21 cells
BCRED: +47 cells
BCSF: +24 cells
BLKR_PCF: +39 cells
BOCA: +33 cells
BOTFI: +24 cells
BPCC: +33 cells
BPLEN: +20 cells
BVEB: +17 cells
BXSL: +47 cells
CCAP: +24 cells
CCPBI: +31 cells
CCSI: +49 cells
CCSO: +32 cells
CGBD: +38 cells
CION: +24 cells
CLSOL: +3 cells
CPCI: +9 cells
CSLI: +0 cells
CSRC: +30 cells
CSWC: +15 cells
EPTSS: +4 cells
EQS: +4 cells
FDUS: +10 cells
FEPC: +3 cells
FID_PCF: +17 cells
FPCRE: +14 cells
FSK: +37 cells
FSLEN: +15 cells
GAIN: +31 cells
GBDC: +24 cells
GCB: +28 cells
GCRED: +28 cells
GECC: +22 cells
GLAD: +30 cells
GSBD: +31 cells
GS_PCC: +29 cells
HCCS: +14 cells
HLEND: +45 cells
HPCI: +31 cells
HRZN: +36 cells
HTGC: +1 cells
ICMB: +14 cells
JCPB: +8 cells
KAYN: +16 cells
KBDC: +36 cells
KEUDL: +5 cells
KKR_FSIT: +18 cells
KLCAP: +17 cells
LAPC: +8 cells
LECRE: +4 cells
LPART: +10 cells
LPCL: +6 cells
LPCRE: +8 cells
LRFIN: +13 cells
LSUSA: +31 cells
MAIN: +24 cells
MCLI: +18 cells
MFIC: +26 cells
MINVE: +32 cells
MMAIP: +14 cells
MPCRE: +9 cells
MRCC: +37 cells
MRCC_NT: +58 cells
MSDL: +13 cells
MSIF: +39 cells
NCAPI: +4 cells
NCBV: +1 cells
NCPCIF: +22 cells
NHPIF: +16 cells
NMFC: +27 cells
NSI: +16 cells
OADVA: +13 cells
OBDC: +48 cells
OBDE: +22 cells
OBTIC: +24 cells
OCIC: +41 cells
OCSL: +29 cells
ODLB: +32 cells
OFS: +29 cells
OSCF: +35 cells
OXSQ: +18 cells
PCSB: +12 cells
PFLT: +31 cells
PFRAI: +20 cells
PFX: +23 cells
PGLEN: +0 cells
PNNT: +19 cells
PPINC: +2 cells
PSEC: +32 cells
PSMML: +26 cells
RAND: +16 cells
RCAPI: +2 cells
RWAY: +30 cells
SAR: +36 cells
SCCAP: +29 cells
SCHOL: +21 cells
SCINV: +1 cells
SCM: +39 cells
SHBDC: +15 cells
SLRC: +38 cells
SMLM: +16 cells
SPCBI: +0 cells
SPCI: +20 cells
SPCIB: +17 cells
SPCRE: +20 cells
SPDLB: +0 cells
SPSL: +12 cells
SSLP: +18 cells
SSSS: +12 cells
TBCI: +21 cells
TBKCF: +30 cells
TCPC: +9 cells
TDLEN: +31 cells
TPPCP: +0 cells
TPVG: +45 cells
TRIN: +2 cells
TROW_OHA: +29 cells
TSCSL: +0 cells
TSLX: +45 cells
VCSL: +18 cells
WBBDC: +4 cells
WHF: +41 cells
WTCAP: +5 cells
TOTAL funds=140 cells_filled=2987
