Phase 1 derivations start 2026-05-15T02:13:41.980974
ACBDC: +0 cells
ACSL: +0 cells
ADS: +5 cells
ANT_PCF: +0 cells
AOII: +0 cells
APCI: +0 cells
APCIF: +0 cells
APCRE: +0 cells
APLEN: +0 cells
ARCC: +0 cells
ASCF: +0 cells
ASCFI: +0 cells
ASCI: +0 cells
ASIF: +0 cells
BAIN_PC: +0 cells
BBDC: +0 cells
BCIC: +0 cells
BCRED: +14 cells
BCSF: +0 cells
BLKR_PCF: +0 cells
BOCA: +0 cells
BOTFI: +0 cells
BPCC: +0 cells
BPLEN: +0 cells
BVEB: +0 cells
BXSL: +0 cells
CCAP: +0 cells
CCPBI: +0 cells
CCSI: +0 cells
CCSO: +0 cells
CGBD: +0 cells
CION: +0 cells
CLSOL: +0 cells
CPCI: +0 cells
CSLI: +0 cells
CSRC: +0 cells
CSWC: +0 cells
EPTSS: +0 cells
EQS: +0 cells
FDUS: +0 cells
FEPC: +0 cells
FID_PCF: +0 cells
FPCRE: +0 cells
FSK: +0 cells
FSLEN: +0 cells
GAIN: +0 cells
GBDC: +0 cells
GCB: +0 cells
GCRED: +2 cells
GECC: +0 cells
GLAD: +0 cells
GSBD: +0 cells
GS_PCC: +0 cells
HCCS: +0 cells
HLEND: +6 cells
HPCI: +0 cells
HRZN: +0 cells
HTGC: +0 cells
ICMB: +0 cells
JCPB: +0 cells
KAYN: +0 cells
KBDC: +0 cells
KEUDL: +0 cells
KKR_FSIT: +0 cells
KLCAP: +0 cells
LAPC: +0 cells
LECRE: +0 cells
LPART: +0 cells
LPCL: +0 cells
LPCRE: +0 cells
LRFIN: +0 cells
LSUSA: +0 cells
MAIN: +0 cells
MCLI: +0 cells
MFIC: +0 cells
MINVE: +0 cells
MMAIP: +0 cells
MPCRE: +0 cells
MRCC: +0 cells
MRCC_NT: +0 cells
MSDL: +0 cells
MSIF: +0 cells
NCAPI: +0 cells
NCBV: +0 cells
NCPCIF: +0 cells
NHPIF: +7 cells
NMFC: +0 cells
NSI: +0 cells
OADVA: +0 cells
OBDC: +0 cells
OBDE: +0 cells
OBTIC: +1 cells
OCIC: +2 cells
OCSL: +0 cells
ODLB: +0 cells
OFS: +0 cells
OSCF: +6 cells
OXSQ: +0 cells
PCSB: +0 cells
PFLT: +0 cells
PFRAI: +0 cells
PFX: +0 cells
PGLEN: +0 cells
PNNT: +0 cells
PPINC: +0 cells
PSEC: +0 cells
PSMML: +0 cells
RAND: +0 cells
RCAPI: +0 cells
RWAY: +0 cells
SAR: +0 cells
SCCAP: +0 cells
SCHOL: +0 cells
SCINV: +0 cells
SCM: +0 cells
SHBDC: +0 cells
SLRC: +0 cells
SMLM: +0 cells
SPCBI: +0 cells
SPCI: +0 cells
SPCIB: +0 cells
SPCRE: +0 cells
SPDLB: +0 cells
SPSL: +0 cells
SSLP: +19 cells
SSSS: +0 cells
TBCI: +0 cells
TBKCF: +0 cells
TCPC: +0 cells
TDLEN: +0 cells
TPPCP: +0 cells
TPVG: +0 cells
TRIN: +0 cells
TROW_OHA: +0 cells
TSCSL: +0 cells
TSLX: +0 cells
VCSL: +0 cells
WBBDC: +0 cells
WHF: +0 cells
WTCAP: +0 cells
TOTAL funds=140 cells_filled=62
